#
# A fatal error has been detected by the Java Runtime Environment:
#
#  EXCEPTION_ACCESS_VIOLATION (0xc0000005) at pc=0x00007fffe654f8d7, pid=19660, tid=1652
#
# JRE version: Java(TM) SE Runtime Environment (17.0.1+12) (build 17.0.1+12-LTS-39)
# Java VM: Java HotSpot(TM) 64-Bit Server VM (17.0.1+12-LTS-39, mixed mode, sharing, tiered, compressed oops, compressed class ptrs, g1 gc, windows-amd64)
# Problematic frame:
# C  [awt.dll+0x1f8d7]
#
# No core dump will be written. Minidumps are not enabled by default on client versions of Windows
#
# If you would like to submit a bug report, please visit:
#   https://bugreport.java.com/bugreport/crash.jsp
# The crash happened outside the Java Virtual Machine in native code.
# See problematic frame for where to report the bug.
#

---------------  S U M M A R Y ------------

Command Line: -javaagent:C:\Program Files\JetBrains\IntelliJ IDEA Community Edition 2022.2.3\lib\idea_rt.jar=49585:C:\Program Files\JetBrains\IntelliJ IDEA Community Edition 2022.2.3\bin -Dfile.encoding=UTF-8 FinalsProjectHizon

Host: AMD Ryzen 3 3300X 4-Core Processor             , 8 cores, 15G,  Windows 10 , 64 bit Build 19041 (10.0.19041.1889)
Time: Fri Nov  4 18:59:56 2022 Malay Peninsula Standard Time elapsed time: 51.392122 seconds (0d 0h 0m 51s)

---------------  T H R E A D  ---------------

Current thread (0x00000193305b22c0):  JavaThread "AWT-EventQueue-0" [_thread_in_native, id=1652, stack(0x000000214ab00000,0x000000214ac00000)]

Stack: [0x000000214ab00000,0x000000214ac00000],  sp=0x000000214abfe0f0,  free space=1016k
Native frames: (J=compiled Java code, j=interpreted, Vv=VM code, C=native code)
C  [awt.dll+0x1f8d7]

Java frames: (J=compiled Java code, j=interpreted, Vv=VM code)
j  sun.java2d.d3d.D3DSurfaceData.initOps(III)V+0 java.desktop@17.0.1
j  sun.java2d.d3d.D3DSurfaceData.<init>(Lsun/awt/windows/WComponentPeer;Lsun/java2d/d3d/D3DGraphicsConfig;IILjava/awt/Image;Ljava/awt/image/ColorModel;IILsun/java2d/pipe/hw/ExtendedBufferCapabilities$VSyncType;I)V+212 java.desktop@17.0.1
j  sun.java2d.d3d.D3DSurfaceData.createData(Lsun/java2d/d3d/D3DGraphicsConfig;IILjava/awt/image/ColorModel;Ljava/awt/Image;I)Lsun/java2d/d3d/D3DSurfaceData;+70 java.desktop@17.0.1
j  sun.java2d.d3d.D3DGraphicsConfig.createManagedSurface(III)Lsun/java2d/SurfaceData;+10 java.desktop@17.0.1
j  sun.java2d.d3d.D3DSurfaceDataProxy.validateSurfaceData(Lsun/java2d/SurfaceData;Lsun/java2d/SurfaceData;II)Lsun/java2d/SurfaceData;+22 java.desktop@17.0.1
J 1315 c1 sun.java2d.SurfaceDataProxy.replaceData(Lsun/java2d/SurfaceData;ILsun/java2d/loops/CompositeType;Ljava/awt/Color;)Lsun/java2d/SurfaceData; java.desktop@17.0.1 (329 bytes) @ 0x0000019312ef222c [0x0000019312ef19c0+0x000000000000086c]
J 1359 c2 sun.java2d.SunGraphics2D.drawImage(Ljava/awt/Image;IILjava/awt/Color;Ljava/awt/image/ImageObserver;)Z java.desktop@17.0.1 (150 bytes) @ 0x000001931a2c568c [0x000001931a2c4d00+0x000000000000098c]
J 1292 c1 sun.java2d.SunGraphics2D.drawImage(Ljava/awt/Image;IILjava/awt/image/ImageObserver;)Z java.desktop@17.0.1 (11 bytes) @ 0x0000019312ee6b3c [0x0000019312ee6ac0+0x000000000000007c]
j  FinalsProjectHizon.paint(Ljava/awt/Graphics;)V+5923
j  sun.awt.RepaintArea.paintComponent(Ljava/awt/Component;Ljava/awt/Graphics;)V+6 java.desktop@17.0.1
j  sun.awt.RepaintArea.paint(Ljava/lang/Object;Z)V+326 java.desktop@17.0.1
j  sun.awt.windows.WComponentPeer.handleEvent(Ljava/awt/AWTEvent;)V+155 java.desktop@17.0.1
j  java.awt.Component.dispatchEventImpl(Ljava/awt/AWTEvent;)V+733 java.desktop@17.0.1
j  java.awt.Container.dispatchEventImpl(Ljava/awt/AWTEvent;)V+42 java.desktop@17.0.1
j  java.awt.Window.dispatchEventImpl(Ljava/awt/AWTEvent;)V+19 java.desktop@17.0.1
j  java.awt.Component.dispatchEvent(Ljava/awt/AWTEvent;)V+2 java.desktop@17.0.1
j  java.awt.EventQueue.dispatchEventImpl(Ljava/awt/AWTEvent;Ljava/lang/Object;)V+41 java.desktop@17.0.1
j  java.awt.EventQueue$4.run()Ljava/lang/Void;+32 java.desktop@17.0.1
j  java.awt.EventQueue$4.run()Ljava/lang/Object;+1 java.desktop@17.0.1
J 541 c1 java.security.AccessController.doPrivileged(Ljava/security/PrivilegedAction;Ljava/security/AccessControlContext;)Ljava/lang/Object; java.base@17.0.1 (17 bytes) @ 0x0000019312d8ed5c [0x0000019312d8eb80+0x00000000000001dc]
j  java.security.ProtectionDomain$JavaSecurityAccessImpl.doIntersectionPrivilege(Ljava/security/PrivilegedAction;Ljava/security/AccessControlContext;Ljava/security/AccessControlContext;)Ljava/lang/Object;+18 java.base@17.0.1
j  java.security.ProtectionDomain$JavaSecurityAccessImpl.doIntersectionPrivilege(Ljava/security/PrivilegedAction;Ljava/security/AccessControlContext;)Ljava/lang/Object;+6 java.base@17.0.1
j  java.awt.EventQueue$5.run()Ljava/lang/Void;+11 java.desktop@17.0.1
j  java.awt.EventQueue$5.run()Ljava/lang/Object;+1 java.desktop@17.0.1
J 541 c1 java.security.AccessController.doPrivileged(Ljava/security/PrivilegedAction;Ljava/security/AccessControlContext;)Ljava/lang/Object; java.base@17.0.1 (17 bytes) @ 0x0000019312d8ed5c [0x0000019312d8eb80+0x00000000000001dc]
j  java.security.ProtectionDomain$JavaSecurityAccessImpl.doIntersectionPrivilege(Ljava/security/PrivilegedAction;Ljava/security/AccessControlContext;Ljava/security/AccessControlContext;)Ljava/lang/Object;+18 java.base@17.0.1
j  java.awt.EventQueue.dispatchEvent(Ljava/awt/AWTEvent;)V+73 java.desktop@17.0.1
j  java.awt.EventDispatchThread.pumpOneEventForFilters(I)V+78 java.desktop@17.0.1
j  java.awt.EventDispatchThread.pumpEventsForFilter(ILjava/awt/Conditional;Ljava/awt/EventFilter;)V+35 java.desktop@17.0.1
j  java.awt.EventDispatchThread.pumpEventsForHierarchy(ILjava/awt/Conditional;Ljava/awt/Component;)V+11 java.desktop@17.0.1
j  java.awt.EventDispatchThread.pumpEvents(ILjava/awt/Conditional;)V+4 java.desktop@17.0.1
j  java.awt.EventDispatchThread.pumpEvents(Ljava/awt/Conditional;)V+3 java.desktop@17.0.1
j  java.awt.EventDispatchThread.run()V+9 java.desktop@17.0.1
v  ~StubRoutines::call_stub

siginfo: EXCEPTION_ACCESS_VIOLATION (0xc0000005), reading address 0x0000000000000000


Register to memory mapping:

RIP=0x00007fffe654f8d7 awt.dll
RAX=0x0000000000000001 is an unknown value
RBX=0x0 is NULL
RCX=0x0 is NULL
RDX=0x0 is NULL
RSP=0x000000214abfe0f0 is pointing into the stack for thread: 0x00000193305b22c0
RBP=0x0000000000010001 is an unknown value
RSI=0x000001932f079400 points into unknown readable memory: 0x0000000000000001 | 01 00 00 00 00 00 00 00
RDI=0x0000000000000001 is an unknown value
R8 =0x0 is NULL
R9 =0x0 is NULL
R10=0x0000019330529af0 points into unknown readable memory: 0x0000001e00000003 | 03 00 00 00 1e 00 00 00
R11=0x000001932ed7fd00 points into unknown readable memory: 0x00007fffe6553710 | 10 37 55 e6 ff 7f 00 00
R12=0x0 is NULL
R13={method} {0x000001932e780280} 'initOps' '(III)V' in 'sun/java2d/d3d/D3DSurfaceData'
R14=0x000000214abfe210 is pointing into the stack for thread: 0x00000193305b22c0
R15=0x00000193305b22c0 is a thread


Registers:
RAX=0x0000000000000001, RBX=0x0000000000000000, RCX=0x0000000000000000, RDX=0x0000000000000000
RSP=0x000000214abfe0f0, RBP=0x0000000000010001, RSI=0x000001932f079400, RDI=0x0000000000000001
R8 =0x0000000000000000, R9 =0x0000000000000000, R10=0x0000019330529af0, R11=0x000001932ed7fd00
R12=0x0000000000000000, R13=0x000001932e780278, R14=0x000000214abfe210, R15=0x00000193305b22c0
RIP=0x00007fffe654f8d7, EFLAGS=0x0000000000010202

Top of Stack: (sp=0x000000214abfe0f0)
0x000000214abfe0f0:   000001932f079400 000001932f070780
0x000000214abfe100:   000000214abfe210 00000193127094fe
0x000000214abfe110:   0000000000000000 00007fffe6553ec4
0x000000214abfe120:   000001932ed7fd00 0000000000000000
0x000000214abfe130:   0000000000000384 000001932e5ccad7
0x000000214abfe140:   0000000000000000 000001931270d621
0x000000214abfe150:   000001932e780278 000000214abfe1d8
0x000000214abfe160:   0000000000000000 0000000000000000
0x000000214abfe170:   00000021000001fa 000000214abfe1f0
0x000000214abfe180:   00000193127094fe 000000070efb8778
0x000000214abfe190:   000000214abfe190 0000000000000000
0x000000214abfe1a0:   000000214abfe210 000001932e7827e8
0x000000214abfe1b0:   0000000000000000 000000070fad70b0
0x000000214abfe1c0:   000001932e780278 0000000000000000
0x000000214abfe1d0:   000000214abfe1f8 000000214abfe260
0x000000214abfe1e0:   00000193127094fe 0000000000000000 

Instructions: (pc=0x00007fffe654f8d7)
0x00007fffe654f7d7:   00 00 41 b8 04 00 00 00 48 8d 94 24 9a 01 00 00
0x00007fffe654f7e7:   48 8d 8c 24 90 03 00 00 8b d8 ff 15 39 fd 0c 00
0x00007fffe654f7f7:   4c 8d 44 24 20 48 8d 15 b5 06 0e 00 48 8d 8c 24
0x00007fffe654f807:   90 03 00 00 e8 d0 0b 00 00 83 fb 01 75 1a 3b c3
0x00007fffe654f817:   75 16 8b 54 24 20 4d 8b c6 8b 4c 24 24 e8 77 f6
0x00007fffe654f827:   ff ff 85 c0 79 02 ff c6 ff c7 4c 8d 44 24 30 8b
0x00007fffe654f837:   d7 45 33 c9 33 c9 ff 15 15 45 12 00 85 c0 0f 85
0x00007fffe654f847:   1b ff ff ff 4c 8b b4 24 c8 03 00 00 48 8b 9c 24
0x00007fffe654f857:   c0 03 00 00 3b f5 74 04 33 c0 eb 18 ba 01 00 00
0x00007fffe654f867:   00 4c 8d 05 51 06 0e 00 8b ca e8 da 51 05 00 b8
0x00007fffe654f877:   05 40 00 80 48 8b 8c 24 a0 03 00 00 48 33 cc e8
0x00007fffe654f887:   c5 b3 0c 00 4c 8d 9c 24 b0 03 00 00 49 8b 6b 20
0x00007fffe654f897:   49 8b 73 28 49 8b e3 5f c3 48 89 6c 24 18 56 48
0x00007fffe654f8a7:   83 ec 20 48 8b f1 48 8b ea 48 8b 49 08 48 85 c9
0x00007fffe654f8b7:   74 4b 48 8b 01 48 89 5c 24 30 48 89 7c 24 38 ff
0x00007fffe654f8c7:   50 20 33 db 8b f8 85 c0 74 18 48 8b 4e 08 8b d3
0x00007fffe654f8d7:   4c 8b 01 41 ff 50 78 48 3b c5 74 1d ff c3 3b df
0x00007fffe654f8e7:   72 e8 33 c0 48 8b 5c 24 30 48 8b 7c 24 38 48 8b
0x00007fffe654f8f7:   6c 24 40 48 83 c4 20 5e c3 8b c3 eb e7 48 8b 6c
0x00007fffe654f907:   24 40 33 c0 48 83 c4 20 5e c3 cc cc cc cc cc cc
0x00007fffe654f917:   cc cc cc cc cc cc cc cc cc 40 53 48 83 ec 20 48
0x00007fffe654f927:   8b d9 8b ca e8 00 af 0b 00 48 85 c0 75 06 48 83
0x00007fffe654f937:   c4 20 5b c3 48 8b d0 48 8b cb 48 83 c4 20 5b e9
0x00007fffe654f947:   55 ff ff ff cc cc cc cc cc 48 63 41 18 48 8b d1
0x00007fffe654f957:   85 c0 79 05 48 8b 41 20 c3 48 8d 0c 40 48 8b 42
0x00007fffe654f967:   30 48 8b 44 c8 10 c3 cc cc 48 89 5c 24 08 48 89
0x00007fffe654f977:   74 24 10 57 41 56 41 57 48 83 ec 20 33 db 8b fa
0x00007fffe654f987:   4d 8b f8 48 8b f1 3b 11 0f 83 b4 00 00 00 48 8b
0x00007fffe654f997:   49 30 48 85 c9 0f 84 a7 00 00 00 4c 8d 04 7f 4e
0x00007fffe654f9a7:   8d 34 c5 00 00 00 00 41 8b 54 0e 08 49 8d 04 0e
0x00007fffe654f9b7:   83 fa ff 0f 84 89 00 00 00 85 d2 75 7a 48 89 5c
0x00007fffe654f9c7:   24 58 48 39 18 74 07 bb 05 40 00 80 eb 45 8b d7 


Stack slot to memory mapping:
stack at sp + 0 slots: 0x000001932f079400 points into unknown readable memory: 0x0000000000000001 | 01 00 00 00 00 00 00 00
stack at sp + 1 slots: 0x000001932f070780 points into unknown readable memory: 0x000001932e3bbfe0 | e0 bf 3b 2e 93 01 00 00
stack at sp + 2 slots: 0x000000214abfe210 is pointing into the stack for thread: 0x00000193305b22c0
stack at sp + 3 slots: 0x00000193127094fe is at code_begin+1118 in an Interpreter codelet
return entry points  [0x00000193127090a0, 0x0000019312709ba0]  2816 bytes
stack at sp + 4 slots: 0x0 is NULL
stack at sp + 5 slots: 0x00007fffe6553ec4 awt.dll
stack at sp + 6 slots: 0x000001932ed7fd00 points into unknown readable memory: 0x00007fffe6553710 | 10 37 55 e6 ff 7f 00 00
stack at sp + 7 slots: 0x0 is NULL


---------------  P R O C E S S  ---------------

Threads class SMR info:
_java_thread_list=0x000001932f0b0a90, length=18, elements={
0x000001932e3d4330, 0x000001932e3d71b0, 0x000001932e3e45c0, 0x000001932e3e6f90,
0x000001932e3e8d50, 0x000001932e3e9700, 0x000001932e3ec4a0, 0x000001932e3f8450,
0x000001932ed08070, 0x000001932e3bb830, 0x000001932ef44f10, 0x000001932eed1780,
0x000001932f04d590, 0x000001932f04dee0, 0x00000193305b22c0, 0x000001933ff08600,
0x000001933ff09e10, 0x000001933ff09940
}

Java Threads: ( => current thread )
  0x000001932e3d4330 JavaThread "Reference Handler" daemon [_thread_blocked, id=17592, stack(0x0000002149200000,0x0000002149300000)]
  0x000001932e3d71b0 JavaThread "Finalizer" daemon [_thread_blocked, id=12084, stack(0x0000002149300000,0x0000002149400000)]
  0x000001932e3e45c0 JavaThread "Signal Dispatcher" daemon [_thread_blocked, id=18464, stack(0x0000002149400000,0x0000002149500000)]
  0x000001932e3e6f90 JavaThread "Attach Listener" daemon [_thread_blocked, id=20444, stack(0x0000002149500000,0x0000002149600000)]
  0x000001932e3e8d50 JavaThread "Service Thread" daemon [_thread_blocked, id=6412, stack(0x0000002149600000,0x0000002149700000)]
  0x000001932e3e9700 JavaThread "Monitor Deflation Thread" daemon [_thread_blocked, id=4648, stack(0x0000002149700000,0x0000002149800000)]
  0x000001932e3ec4a0 JavaThread "C2 CompilerThread0" daemon [_thread_blocked, id=10024, stack(0x0000002149800000,0x0000002149900000)]
  0x000001932e3f8450 JavaThread "C1 CompilerThread0" daemon [_thread_blocked, id=20796, stack(0x0000002149900000,0x0000002149a00000)]
  0x000001932ed08070 JavaThread "Sweeper thread" daemon [_thread_blocked, id=8228, stack(0x0000002149a00000,0x0000002149b00000)]
  0x000001932e3bb830 JavaThread "Common-Cleaner" daemon [_thread_blocked, id=8660, stack(0x0000002149b00000,0x0000002149c00000)]
  0x000001932ef44f10 JavaThread "Monitor Ctrl-Break" daemon [_thread_in_native, id=4660, stack(0x0000002149c00000,0x0000002149d00000)]
  0x000001932eed1780 JavaThread "Notification Thread" daemon [_thread_blocked, id=21368, stack(0x0000002149d00000,0x0000002149e00000)]
  0x000001932f04d590 JavaThread "Java2D Disposer" daemon [_thread_blocked, id=13704, stack(0x0000002149f00000,0x000000214a000000)]
  0x000001932f04dee0 JavaThread "AWT-Shutdown" [_thread_blocked, id=12148, stack(0x000000214a000000,0x000000214a100000)]
=>0x00000193305b22c0 JavaThread "AWT-EventQueue-0" [_thread_in_native, id=1652, stack(0x000000214ab00000,0x000000214ac00000)]
  0x000001933ff08600 JavaThread "DestroyJavaVM" [_thread_blocked, id=20752, stack(0x0000002148b00000,0x0000002148c00000)]
  0x000001933ff09e10 JavaThread "SIGINT handler" daemon [_thread_blocked, id=5528, stack(0x000000214b800000,0x000000214b900000)]
  0x000001933ff09940 JavaThread "ToolkitShutdown" daemon [_thread_in_native, id=11816, stack(0x000000214ba00000,0x000000214bb00000)]

Other Threads:
  0x000001932e3ce720 VMThread "VM Thread" [stack: 0x0000002149100000,0x0000002149200000] [id=16228]
  0x000001932ef45df0 WatcherThread [stack: 0x0000002149e00000,0x0000002149f00000] [id=14400]
  0x0000019309722d20 GCTaskThread "GC Thread#0" [stack: 0x0000002148c00000,0x0000002148d00000] [id=20164]
  0x00000193405fcca0 GCTaskThread "GC Thread#1" [stack: 0x000000214aa00000,0x000000214ab00000] [id=1856]
  0x00000193403f9010 GCTaskThread "GC Thread#2" [stack: 0x000000214b200000,0x000000214b300000] [id=13608]
  0x00000193403f92c0 GCTaskThread "GC Thread#3" [stack: 0x000000214b300000,0x000000214b400000] [id=2112]
  0x000001933052f1b0 GCTaskThread "GC Thread#4" [stack: 0x000000214b400000,0x000000214b500000] [id=19840]
  0x000001933052f460 GCTaskThread "GC Thread#5" [stack: 0x000000214b500000,0x000000214b600000] [id=18308]
  0x000001932eea8170 GCTaskThread "GC Thread#6" [stack: 0x000000214b600000,0x000000214b700000] [id=21184]
  0x0000019340557890 GCTaskThread "GC Thread#7" [stack: 0x000000214b700000,0x000000214b800000] [id=21212]
  0x000001930954e730 ConcurrentGCThread "G1 Main Marker" [stack: 0x0000002148d00000,0x0000002148e00000] [id=11220]
  0x0000019309730de0 ConcurrentGCThread "G1 Conc#0" [stack: 0x0000002148e00000,0x0000002148f00000] [id=2492]
  0x000001932e2854f0 ConcurrentGCThread "G1 Refine#0" [stack: 0x0000002148f00000,0x0000002149000000] [id=21236]
  0x000001932e285e20 ConcurrentGCThread "G1 Service" [stack: 0x0000002149000000,0x0000002149100000] [id=13284]

Threads with active compile tasks:

VM state: not at safepoint (normal execution)

VM Mutex/Monitor currently owned by a thread: None

Heap address: 0x0000000701200000, size: 4078 MB, Compressed Oops mode: Zero based, Oop shift amount: 3

CDS archive(s) mapped at: [0x0000000800000000-0x0000000800bc0000-0x0000000800bc0000), size 12320768, SharedBaseAddress: 0x0000000800000000, ArchiveRelocationMode: 0.
Compressed class space mapped at: 0x0000000800c00000-0x0000000840c00000, reserved size: 1073741824
Narrow klass base: 0x0000000800000000, Narrow klass shift: 0, Narrow klass range: 0x100000000

GC Precious Log:
 CPUs: 8 total, 8 available
 Memory: 16309M
 Large Page Support: Disabled
 NUMA Support: Disabled
 Compressed Oops: Enabled (Zero based)
 Heap Region Size: 2M
 Heap Min Capacity: 8M
 Heap Initial Capacity: 256M
 Heap Max Capacity: 4078M
 Pre-touch: Disabled
 Parallel Workers: 8
 Concurrent Workers: 2
 Concurrent Refinement Workers: 8
 Periodic GC: Disabled

Heap:
 garbage-first heap   total 262144K, used 37895K [0x0000000701200000, 0x0000000800000000)
  region size 2048K, 19 young (38912K), 2 survivors (4096K)
 Metaspace       used 6466K, committed 6656K, reserved 1056768K
  class space    used 607K, committed 704K, reserved 1048576K

Heap Regions: E=young(eden), S=young(survivor), O=old, HS=humongous(starts), HC=humongous(continues), CS=collection set, F=free, OA=open archive, CA=closed archive, TAMS=top-at-mark-start (previous, next)
|   0|0x0000000701200000, 0x0000000701400000, 0x0000000701400000|100%|HS|  |TAMS 0x0000000701200000, 0x0000000701200000| Complete 
|   1|0x0000000701400000, 0x0000000701400000, 0x0000000701600000|  0%| F|  |TAMS 0x0000000701400000, 0x0000000701400000| Untracked 
|   2|0x0000000701600000, 0x0000000701600000, 0x0000000701800000|  0%| F|  |TAMS 0x0000000701600000, 0x0000000701600000| Untracked 
|   3|0x0000000701800000, 0x0000000701800000, 0x0000000701a00000|  0%| F|  |TAMS 0x0000000701800000, 0x0000000701800000| Untracked 
|   4|0x0000000701a00000, 0x0000000701a00000, 0x0000000701c00000|  0%| F|  |TAMS 0x0000000701a00000, 0x0000000701a00000| Untracked 
|   5|0x0000000701c00000, 0x0000000701c00000, 0x0000000701e00000|  0%| F|  |TAMS 0x0000000701c00000, 0x0000000701c00000| Untracked 
|   6|0x0000000701e00000, 0x0000000701e00000, 0x0000000702000000|  0%| F|  |TAMS 0x0000000701e00000, 0x0000000701e00000| Untracked 
|   7|0x0000000702000000, 0x0000000702000000, 0x0000000702200000|  0%| F|  |TAMS 0x0000000702000000, 0x0000000702000000| Untracked 
|   8|0x0000000702200000, 0x0000000702200000, 0x0000000702400000|  0%| F|  |TAMS 0x0000000702200000, 0x0000000702200000| Untracked 
|   9|0x0000000702400000, 0x0000000702400000, 0x0000000702600000|  0%| F|  |TAMS 0x0000000702400000, 0x0000000702400000| Untracked 
|  10|0x0000000702600000, 0x0000000702600000, 0x0000000702800000|  0%| F|  |TAMS 0x0000000702600000, 0x0000000702600000| Untracked 
|  11|0x0000000702800000, 0x0000000702800000, 0x0000000702a00000|  0%| F|  |TAMS 0x0000000702800000, 0x0000000702800000| Untracked 
|  12|0x0000000702a00000, 0x0000000702a00000, 0x0000000702c00000|  0%| F|  |TAMS 0x0000000702a00000, 0x0000000702a00000| Untracked 
|  13|0x0000000702c00000, 0x0000000702c00000, 0x0000000702e00000|  0%| F|  |TAMS 0x0000000702c00000, 0x0000000702c00000| Untracked 
|  14|0x0000000702e00000, 0x0000000702e00000, 0x0000000703000000|  0%| F|  |TAMS 0x0000000702e00000, 0x0000000702e00000| Untracked 
|  15|0x0000000703000000, 0x0000000703000000, 0x0000000703200000|  0%| F|  |TAMS 0x0000000703000000, 0x0000000703000000| Untracked 
|  16|0x0000000703200000, 0x0000000703200000, 0x0000000703400000|  0%| F|  |TAMS 0x0000000703200000, 0x0000000703200000| Untracked 
|  17|0x0000000703400000, 0x0000000703400000, 0x0000000703600000|  0%| F|  |TAMS 0x0000000703400000, 0x0000000703400000| Untracked 
|  18|0x0000000703600000, 0x0000000703600000, 0x0000000703800000|  0%| F|  |TAMS 0x0000000703600000, 0x0000000703600000| Untracked 
|  19|0x0000000703800000, 0x0000000703800000, 0x0000000703a00000|  0%| F|  |TAMS 0x0000000703800000, 0x0000000703800000| Untracked 
|  20|0x0000000703a00000, 0x0000000703a00000, 0x0000000703c00000|  0%| F|  |TAMS 0x0000000703a00000, 0x0000000703a00000| Untracked 
|  21|0x0000000703c00000, 0x0000000703c00000, 0x0000000703e00000|  0%| F|  |TAMS 0x0000000703c00000, 0x0000000703c00000| Untracked 
|  22|0x0000000703e00000, 0x0000000703e00000, 0x0000000704000000|  0%| F|  |TAMS 0x0000000703e00000, 0x0000000703e00000| Untracked 
|  23|0x0000000704000000, 0x0000000704000000, 0x0000000704200000|  0%| F|  |TAMS 0x0000000704000000, 0x0000000704000000| Untracked 
|  24|0x0000000704200000, 0x0000000704200000, 0x0000000704400000|  0%| F|  |TAMS 0x0000000704200000, 0x0000000704200000| Untracked 
|  25|0x0000000704400000, 0x0000000704400000, 0x0000000704600000|  0%| F|  |TAMS 0x0000000704400000, 0x0000000704400000| Untracked 
|  26|0x0000000704600000, 0x0000000704600000, 0x0000000704800000|  0%| F|  |TAMS 0x0000000704600000, 0x0000000704600000| Untracked 
|  27|0x0000000704800000, 0x0000000704800000, 0x0000000704a00000|  0%| F|  |TAMS 0x0000000704800000, 0x0000000704800000| Untracked 
|  28|0x0000000704a00000, 0x0000000704a00000, 0x0000000704c00000|  0%| F|  |TAMS 0x0000000704a00000, 0x0000000704a00000| Untracked 
|  29|0x0000000704c00000, 0x0000000704c00000, 0x0000000704e00000|  0%| F|  |TAMS 0x0000000704c00000, 0x0000000704c00000| Untracked 
|  30|0x0000000704e00000, 0x0000000704e00000, 0x0000000705000000|  0%| F|  |TAMS 0x0000000704e00000, 0x0000000704e00000| Untracked 
|  31|0x0000000705000000, 0x0000000705000000, 0x0000000705200000|  0%| F|  |TAMS 0x0000000705000000, 0x0000000705000000| Untracked 
|  32|0x0000000705200000, 0x0000000705200000, 0x0000000705400000|  0%| F|  |TAMS 0x0000000705200000, 0x0000000705200000| Untracked 
|  33|0x0000000705400000, 0x0000000705400000, 0x0000000705600000|  0%| F|  |TAMS 0x0000000705400000, 0x0000000705400000| Untracked 
|  34|0x0000000705600000, 0x0000000705600000, 0x0000000705800000|  0%| F|  |TAMS 0x0000000705600000, 0x0000000705600000| Untracked 
|  35|0x0000000705800000, 0x0000000705800000, 0x0000000705a00000|  0%| F|  |TAMS 0x0000000705800000, 0x0000000705800000| Untracked 
|  36|0x0000000705a00000, 0x0000000705a00000, 0x0000000705c00000|  0%| F|  |TAMS 0x0000000705a00000, 0x0000000705a00000| Untracked 
|  37|0x0000000705c00000, 0x0000000705c00000, 0x0000000705e00000|  0%| F|  |TAMS 0x0000000705c00000, 0x0000000705c00000| Untracked 
|  38|0x0000000705e00000, 0x0000000705e00000, 0x0000000706000000|  0%| F|  |TAMS 0x0000000705e00000, 0x0000000705e00000| Untracked 
|  39|0x0000000706000000, 0x0000000706000000, 0x0000000706200000|  0%| F|  |TAMS 0x0000000706000000, 0x0000000706000000| Untracked 
|  40|0x0000000706200000, 0x0000000706200000, 0x0000000706400000|  0%| F|  |TAMS 0x0000000706200000, 0x0000000706200000| Untracked 
|  41|0x0000000706400000, 0x0000000706400000, 0x0000000706600000|  0%| F|  |TAMS 0x0000000706400000, 0x0000000706400000| Untracked 
|  42|0x0000000706600000, 0x0000000706600000, 0x0000000706800000|  0%| F|  |TAMS 0x0000000706600000, 0x0000000706600000| Untracked 
|  43|0x0000000706800000, 0x0000000706800000, 0x0000000706a00000|  0%| F|  |TAMS 0x0000000706800000, 0x0000000706800000| Untracked 
|  44|0x0000000706a00000, 0x0000000706a00000, 0x0000000706c00000|  0%| F|  |TAMS 0x0000000706a00000, 0x0000000706a00000| Untracked 
|  45|0x0000000706c00000, 0x0000000706c00000, 0x0000000706e00000|  0%| F|  |TAMS 0x0000000706c00000, 0x0000000706c00000| Untracked 
|  46|0x0000000706e00000, 0x0000000706e00000, 0x0000000707000000|  0%| F|  |TAMS 0x0000000706e00000, 0x0000000706e00000| Untracked 
|  47|0x0000000707000000, 0x0000000707000000, 0x0000000707200000|  0%| F|  |TAMS 0x0000000707000000, 0x0000000707000000| Untracked 
|  48|0x0000000707200000, 0x0000000707200000, 0x0000000707400000|  0%| F|  |TAMS 0x0000000707200000, 0x0000000707200000| Untracked 
|  49|0x0000000707400000, 0x0000000707400000, 0x0000000707600000|  0%| F|  |TAMS 0x0000000707400000, 0x0000000707400000| Untracked 
|  50|0x0000000707600000, 0x0000000707600000, 0x0000000707800000|  0%| F|  |TAMS 0x0000000707600000, 0x0000000707600000| Untracked 
|  51|0x0000000707800000, 0x0000000707800000, 0x0000000707a00000|  0%| F|  |TAMS 0x0000000707800000, 0x0000000707800000| Untracked 
|  52|0x0000000707a00000, 0x0000000707a00000, 0x0000000707c00000|  0%| F|  |TAMS 0x0000000707a00000, 0x0000000707a00000| Untracked 
|  53|0x0000000707c00000, 0x0000000707c00000, 0x0000000707e00000|  0%| F|  |TAMS 0x0000000707c00000, 0x0000000707c00000| Untracked 
|  54|0x0000000707e00000, 0x0000000707e00000, 0x0000000708000000|  0%| F|  |TAMS 0x0000000707e00000, 0x0000000707e00000| Untracked 
|  55|0x0000000708000000, 0x0000000708000000, 0x0000000708200000|  0%| F|  |TAMS 0x0000000708000000, 0x0000000708000000| Untracked 
|  56|0x0000000708200000, 0x0000000708200000, 0x0000000708400000|  0%| F|  |TAMS 0x0000000708200000, 0x0000000708200000| Untracked 
|  57|0x0000000708400000, 0x0000000708400000, 0x0000000708600000|  0%| F|  |TAMS 0x0000000708400000, 0x0000000708400000| Untracked 
|  58|0x0000000708600000, 0x0000000708600000, 0x0000000708800000|  0%| F|  |TAMS 0x0000000708600000, 0x0000000708600000| Untracked 
|  59|0x0000000708800000, 0x0000000708800000, 0x0000000708a00000|  0%| F|  |TAMS 0x0000000708800000, 0x0000000708800000| Untracked 
|  60|0x0000000708a00000, 0x0000000708a00000, 0x0000000708c00000|  0%| F|  |TAMS 0x0000000708a00000, 0x0000000708a00000| Untracked 
|  61|0x0000000708c00000, 0x0000000708c00000, 0x0000000708e00000|  0%| F|  |TAMS 0x0000000708c00000, 0x0000000708c00000| Untracked 
|  62|0x0000000708e00000, 0x0000000708e00000, 0x0000000709000000|  0%| F|  |TAMS 0x0000000708e00000, 0x0000000708e00000| Untracked 
|  63|0x0000000709000000, 0x0000000709000000, 0x0000000709200000|  0%| F|  |TAMS 0x0000000709000000, 0x0000000709000000| Untracked 
|  64|0x0000000709200000, 0x0000000709200000, 0x0000000709400000|  0%| F|  |TAMS 0x0000000709200000, 0x0000000709200000| Untracked 
|  65|0x0000000709400000, 0x0000000709400000, 0x0000000709600000|  0%| F|  |TAMS 0x0000000709400000, 0x0000000709400000| Untracked 
|  66|0x0000000709600000, 0x0000000709600000, 0x0000000709800000|  0%| F|  |TAMS 0x0000000709600000, 0x0000000709600000| Untracked 
|  67|0x0000000709800000, 0x0000000709800000, 0x0000000709a00000|  0%| F|  |TAMS 0x0000000709800000, 0x0000000709800000| Untracked 
|  68|0x0000000709a00000, 0x0000000709a00000, 0x0000000709c00000|  0%| F|  |TAMS 0x0000000709a00000, 0x0000000709a00000| Untracked 
|  69|0x0000000709c00000, 0x0000000709c00000, 0x0000000709e00000|  0%| F|  |TAMS 0x0000000709c00000, 0x0000000709c00000| Untracked 
|  70|0x0000000709e00000, 0x0000000709e00000, 0x000000070a000000|  0%| F|  |TAMS 0x0000000709e00000, 0x0000000709e00000| Untracked 
|  71|0x000000070a000000, 0x000000070a000000, 0x000000070a200000|  0%| F|  |TAMS 0x000000070a000000, 0x000000070a000000| Untracked 
|  72|0x000000070a200000, 0x000000070a200000, 0x000000070a400000|  0%| F|  |TAMS 0x000000070a200000, 0x000000070a200000| Untracked 
|  73|0x000000070a400000, 0x000000070a400000, 0x000000070a600000|  0%| F|  |TAMS 0x000000070a400000, 0x000000070a400000| Untracked 
|  74|0x000000070a600000, 0x000000070a600000, 0x000000070a800000|  0%| F|  |TAMS 0x000000070a600000, 0x000000070a600000| Untracked 
|  75|0x000000070a800000, 0x000000070a800000, 0x000000070aa00000|  0%| F|  |TAMS 0x000000070a800000, 0x000000070a800000| Untracked 
|  76|0x000000070aa00000, 0x000000070aa00000, 0x000000070ac00000|  0%| F|  |TAMS 0x000000070aa00000, 0x000000070aa00000| Untracked 
|  77|0x000000070ac00000, 0x000000070ac00000, 0x000000070ae00000|  0%| F|  |TAMS 0x000000070ac00000, 0x000000070ac00000| Untracked 
|  78|0x000000070ae00000, 0x000000070ae00000, 0x000000070b000000|  0%| F|  |TAMS 0x000000070ae00000, 0x000000070ae00000| Untracked 
|  79|0x000000070b000000, 0x000000070b000000, 0x000000070b200000|  0%| F|  |TAMS 0x000000070b000000, 0x000000070b000000| Untracked 
|  80|0x000000070b200000, 0x000000070b200000, 0x000000070b400000|  0%| F|  |TAMS 0x000000070b200000, 0x000000070b200000| Untracked 
|  81|0x000000070b400000, 0x000000070b400000, 0x000000070b600000|  0%| F|  |TAMS 0x000000070b400000, 0x000000070b400000| Untracked 
|  82|0x000000070b600000, 0x000000070b600000, 0x000000070b800000|  0%| F|  |TAMS 0x000000070b600000, 0x000000070b600000| Untracked 
|  83|0x000000070b800000, 0x000000070b800000, 0x000000070ba00000|  0%| F|  |TAMS 0x000000070b800000, 0x000000070b800000| Untracked 
|  84|0x000000070ba00000, 0x000000070ba00000, 0x000000070bc00000|  0%| F|  |TAMS 0x000000070ba00000, 0x000000070ba00000| Untracked 
|  85|0x000000070bc00000, 0x000000070bc00000, 0x000000070be00000|  0%| F|  |TAMS 0x000000070bc00000, 0x000000070bc00000| Untracked 
|  86|0x000000070be00000, 0x000000070be00000, 0x000000070c000000|  0%| F|  |TAMS 0x000000070be00000, 0x000000070be00000| Untracked 
|  87|0x000000070c000000, 0x000000070c000000, 0x000000070c200000|  0%| F|  |TAMS 0x000000070c000000, 0x000000070c000000| Untracked 
|  88|0x000000070c200000, 0x000000070c200000, 0x000000070c400000|  0%| F|  |TAMS 0x000000070c200000, 0x000000070c200000| Untracked 
|  89|0x000000070c400000, 0x000000070c400000, 0x000000070c600000|  0%| F|  |TAMS 0x000000070c400000, 0x000000070c400000| Untracked 
|  90|0x000000070c600000, 0x000000070c600000, 0x000000070c800000|  0%| F|  |TAMS 0x000000070c600000, 0x000000070c600000| Untracked 
|  91|0x000000070c800000, 0x000000070c800000, 0x000000070ca00000|  0%| F|  |TAMS 0x000000070c800000, 0x000000070c800000| Untracked 
|  92|0x000000070ca00000, 0x000000070ca00000, 0x000000070cc00000|  0%| F|  |TAMS 0x000000070ca00000, 0x000000070ca00000| Untracked 
|  93|0x000000070cc00000, 0x000000070cc00000, 0x000000070ce00000|  0%| F|  |TAMS 0x000000070cc00000, 0x000000070cc00000| Untracked 
|  94|0x000000070ce00000, 0x000000070ce00000, 0x000000070d000000|  0%| F|  |TAMS 0x000000070ce00000, 0x000000070ce00000| Untracked 
|  95|0x000000070d000000, 0x000000070d000000, 0x000000070d200000|  0%| F|  |TAMS 0x000000070d000000, 0x000000070d000000| Untracked 
|  96|0x000000070d200000, 0x000000070d200000, 0x000000070d400000|  0%| F|  |TAMS 0x000000070d200000, 0x000000070d200000| Untracked 
|  97|0x000000070d400000, 0x000000070d400000, 0x000000070d600000|  0%| F|  |TAMS 0x000000070d400000, 0x000000070d400000| Untracked 
|  98|0x000000070d600000, 0x000000070d600000, 0x000000070d800000|  0%| F|  |TAMS 0x000000070d600000, 0x000000070d600000| Untracked 
|  99|0x000000070d800000, 0x000000070d800000, 0x000000070da00000|  0%| F|  |TAMS 0x000000070d800000, 0x000000070d800000| Untracked 
| 100|0x000000070da00000, 0x000000070da00000, 0x000000070dc00000|  0%| F|  |TAMS 0x000000070da00000, 0x000000070da00000| Untracked 
| 101|0x000000070dc00000, 0x000000070dc00000, 0x000000070de00000|  0%| F|  |TAMS 0x000000070dc00000, 0x000000070dc00000| Untracked 
| 102|0x000000070de00000, 0x000000070de00000, 0x000000070e000000|  0%| F|  |TAMS 0x000000070de00000, 0x000000070de00000| Untracked 
| 103|0x000000070e000000, 0x000000070e000000, 0x000000070e200000|  0%| F|  |TAMS 0x000000070e000000, 0x000000070e000000| Untracked 
| 104|0x000000070e200000, 0x000000070e200000, 0x000000070e400000|  0%| F|  |TAMS 0x000000070e200000, 0x000000070e200000| Untracked 
| 105|0x000000070e400000, 0x000000070e400000, 0x000000070e600000|  0%| F|  |TAMS 0x000000070e400000, 0x000000070e400000| Untracked 
| 106|0x000000070e600000, 0x000000070e600000, 0x000000070e800000|  0%| F|  |TAMS 0x000000070e600000, 0x000000070e600000| Untracked 
| 107|0x000000070e800000, 0x000000070e800000, 0x000000070ea00000|  0%| F|  |TAMS 0x000000070e800000, 0x000000070e800000| Untracked 
| 108|0x000000070ea00000, 0x000000070ea00000, 0x000000070ec00000|  0%| F|  |TAMS 0x000000070ea00000, 0x000000070ea00000| Untracked 
| 109|0x000000070ec00000, 0x000000070ec46238, 0x000000070ee00000| 13%| E|  |TAMS 0x000000070ec00000, 0x000000070ec00000| Complete 
| 110|0x000000070ee00000, 0x000000070f000000, 0x000000070f000000|100%| E|CS|TAMS 0x000000070ee00000, 0x000000070ee00000| Complete 
| 111|0x000000070f000000, 0x000000070f200000, 0x000000070f200000|100%| E|CS|TAMS 0x000000070f000000, 0x000000070f000000| Complete 
| 112|0x000000070f200000, 0x000000070f400000, 0x000000070f400000|100%| E|CS|TAMS 0x000000070f200000, 0x000000070f200000| Complete 
| 113|0x000000070f400000, 0x000000070f600000, 0x000000070f600000|100%| E|CS|TAMS 0x000000070f400000, 0x000000070f400000| Complete 
| 114|0x000000070f600000, 0x000000070f800000, 0x000000070f800000|100%| E|CS|TAMS 0x000000070f600000, 0x000000070f600000| Complete 
| 115|0x000000070f800000, 0x000000070f901fd0, 0x000000070fa00000| 50%| S|CS|TAMS 0x000000070f800000, 0x000000070f800000| Complete 
| 116|0x000000070fa00000, 0x000000070fc00000, 0x000000070fc00000|100%| S|CS|TAMS 0x000000070fa00000, 0x000000070fa00000| Complete 
| 117|0x000000070fc00000, 0x000000070fe00000, 0x000000070fe00000|100%| E|CS|TAMS 0x000000070fc00000, 0x000000070fc00000| Complete 
| 118|0x000000070fe00000, 0x0000000710000000, 0x0000000710000000|100%| E|CS|TAMS 0x000000070fe00000, 0x000000070fe00000| Complete 
| 119|0x0000000710000000, 0x0000000710200000, 0x0000000710200000|100%| E|CS|TAMS 0x0000000710000000, 0x0000000710000000| Complete 
| 120|0x0000000710200000, 0x0000000710400000, 0x0000000710400000|100%| E|CS|TAMS 0x0000000710200000, 0x0000000710200000| Complete 
| 121|0x0000000710400000, 0x0000000710600000, 0x0000000710600000|100%| E|CS|TAMS 0x0000000710400000, 0x0000000710400000| Complete 
| 122|0x0000000710600000, 0x0000000710800000, 0x0000000710800000|100%| E|CS|TAMS 0x0000000710600000, 0x0000000710600000| Complete 
| 123|0x0000000710800000, 0x0000000710a00000, 0x0000000710a00000|100%| E|CS|TAMS 0x0000000710800000, 0x0000000710800000| Complete 
| 124|0x0000000710a00000, 0x0000000710c00000, 0x0000000710c00000|100%| E|CS|TAMS 0x0000000710a00000, 0x0000000710a00000| Complete 
| 125|0x0000000710c00000, 0x0000000710e00000, 0x0000000710e00000|100%| E|CS|TAMS 0x0000000710c00000, 0x0000000710c00000| Complete 
| 126|0x0000000710e00000, 0x0000000711000000, 0x0000000711000000|100%| E|CS|TAMS 0x0000000710e00000, 0x0000000710e00000| Complete 
| 127|0x0000000711000000, 0x0000000711200000, 0x0000000711200000|100%| E|CS|TAMS 0x0000000711000000, 0x0000000711000000| Complete 

Card table byte_map: [0x0000019322960000,0x0000019323160000] _byte_map_base: 0x000001931f157000

Marking Bits (Prev, Next): (CMBitMap*) 0x0000019309723330, (CMBitMap*) 0x0000019309723370
 Prev Bits: [0x0000019323960000, 0x0000019327918000)
 Next Bits: [0x0000019327920000, 0x000001932b8d8000)

Polling page: 0x00000193097b0000

Metaspace:

Usage:
  Non-class:      5.72 MB used.
      Class:    607.95 KB used.
       Both:      6.32 MB used.

Virtual space:
  Non-class space:        8.00 MB reserved,       5.81 MB ( 73%) committed,  1 nodes.
      Class space:        1.00 GB reserved,     704.00 KB ( <1%) committed,  1 nodes.
             Both:        1.01 GB reserved,       6.50 MB ( <1%) committed. 

Chunk freelists:
   Non-Class:  2.11 MB
       Class:  3.24 MB
        Both:  5.35 MB

MaxMetaspaceSize: unlimited
CompressedClassSpaceSize: 1.00 GB
Initial GC threshold: 21.00 MB
Current GC threshold: 21.00 MB
CDS: on
MetaspaceReclaimPolicy: balanced
 - commit_granule_bytes: 65536.
 - commit_granule_words: 8192.
 - virtual_space_node_default_size: 1048576.
 - enlarge_chunks_in_place: 1.
 - new_chunks_are_fully_committed: 0.
 - uncommit_free_chunks: 1.
 - use_allocation_guard: 0.
 - handle_deallocations: 1.


Internal statistics:

num_allocs_failed_limit: 0.
num_arena_births: 92.
num_arena_deaths: 0.
num_vsnodes_births: 2.
num_vsnodes_deaths: 0.
num_space_committed: 104.
num_space_uncommitted: 0.
num_chunks_returned_to_freelist: 0.
num_chunks_taken_from_freelist: 118.
num_chunk_merges: 0.
num_chunk_splits: 72.
num_chunks_enlarged: 36.
num_purges: 0.
num_inconsistent_stats: 0.

CodeHeap 'non-profiled nmethods': size=120000Kb used=1022Kb max_used=1022Kb free=118977Kb
 bounds [0x000001931a1d0000, 0x000001931a440000, 0x0000019321700000]
CodeHeap 'profiled nmethods': size=120000Kb used=2386Kb max_used=2386Kb free=117613Kb
 bounds [0x0000019312ca0000, 0x0000019312f10000, 0x000001931a1d0000]
CodeHeap 'non-nmethods': size=5760Kb used=1270Kb max_used=1315Kb free=4489Kb
 bounds [0x0000019312700000, 0x0000019312970000, 0x0000019312ca0000]
 total_blobs=1953 nmethods=1358 adapters=508
 compilation: enabled
              stopped_count=0, restarted_count=0
 full_count=0

Compilation events (20 events):
Event: 31.419 Thread 0x000001932e3ec4a0 1350       4       sun.java2d.marlin.TransformingPathConsumer2D$ClosedPathDetector::quadTo (14 bytes)
Event: 31.420 Thread 0x000001932e3ec4a0 nmethod 1350 0x000001931a2be410 code [0x000001931a2be5a0, 0x000001931a2be7d8]
Event: 31.420 Thread 0x000001932e3ec4a0 1351       4       sun.java2d.marlin.TransformingPathConsumer2D$CurveBasicMonotonizer::quad (134 bytes)
Event: 31.423 Thread 0x000001932e3ec4a0 nmethod 1351 0x000001931a2bea10 code [0x000001931a2bebc0, 0x000001931a2beee8]
Event: 37.125 Thread 0x000001932e3ec4a0 1352       4       sun.java2d.marlin.Stroker::quadTo (160 bytes)
Event: 37.126 Thread 0x000001932e3ec4a0 nmethod 1352 0x000001931a2bf110 code [0x000001931a2bf2a0, 0x000001931a2bf6e8]
Event: 37.126 Thread 0x000001932e3ec4a0 1353       4       sun.java2d.marlin.Stroker::_quadTo (641 bytes)
Event: 37.142 Thread 0x000001932e3ec4a0 nmethod 1353 0x000001931a2bfa90 code [0x000001931a2bfde0, 0x000001931a2c1670]
Event: 44.298 Thread 0x000001932e3ec4a0 1354       4       sun.java2d.pipe.BufferedContext::setSurfaces (49 bytes)
Event: 44.300 Thread 0x000001932e3ec4a0 nmethod 1354 0x000001931a2c2890 code [0x000001931a2c2a20, 0x000001931a2c2c38]
Event: 46.116 Thread 0x000001932e3ec4a0 1355       4       java.awt.Color::<init> (72 bytes)
Event: 46.118 Thread 0x000001932e3ec4a0 nmethod 1355 0x000001931a2c2e90 code [0x000001931a2c3000, 0x000001931a2c3258]
Event: 46.118 Thread 0x000001932e3ec4a0 1356       4       java.awt.Color::testColorValueRange (121 bytes)
Event: 46.118 Thread 0x000001932e3ec4a0 nmethod 1356 0x000001931a2c3390 code [0x000001931a2c3500, 0x000001931a2c35d8]
Event: 46.318 Thread 0x000001932e3ec4a0 1357       4       sun.java2d.pipe.Region::clipRound (34 bytes)
Event: 46.319 Thread 0x000001932e3ec4a0 nmethod 1357 0x000001931a2c3710 code [0x000001931a2c38c0, 0x000001931a2c39b8]
Event: 46.399 Thread 0x000001932e3ec4a0 1358       4       sun.java2d.SunGraphics2D::setPaint (162 bytes)
Event: 46.404 Thread 0x000001932e3ec4a0 nmethod 1358 0x000001931a2c3a90 code [0x000001931a2c3c40, 0x000001931a2c4558]
Event: 46.404 Thread 0x000001932e3ec4a0 1359   !   4       sun.java2d.SunGraphics2D::drawImage (150 bytes)
Event: 46.498 Thread 0x000001932e3ec4a0 nmethod 1359 0x000001931a2c4810 code [0x000001931a2c4d00, 0x000001931a2cb588]

GC Heap History (2 events):
Event: 8.666 GC heap before
{Heap before GC invocations=0 (full 0):
 garbage-first heap   total 262144K, used 24576K [0x0000000701200000, 0x0000000800000000)
  region size 2048K, 11 young (22528K), 0 survivors (0K)
 Metaspace       used 6458K, committed 6656K, reserved 1056768K
  class space    used 607K, committed 704K, reserved 1048576K
}
Event: 8.668 GC heap after
{Heap after GC invocations=1 (full 0):
 garbage-first heap   total 262144K, used 5127K [0x0000000701200000, 0x0000000800000000)
  region size 2048K, 2 young (4096K), 2 survivors (4096K)
 Metaspace       used 6458K, committed 6656K, reserved 1056768K
  class space    used 607K, committed 704K, reserved 1048576K
}

Deoptimization events (20 events):
Event: 8.668 Thread 0x00000193305b22c0 Uncommon trap: trap_request=0xffffff45 fr.pc=0x000001931a280e74 relative=0x0000000000001174
Event: 8.668 Thread 0x00000193305b22c0 Uncommon trap: reason=unstable_if action=reinterpret pc=0x000001931a280e74 method=java.lang.ref.SoftReference.get()Ljava/lang/Object; @ 17 c2
Event: 8.668 Thread 0x00000193305b22c0 DEOPT PACKING pc=0x000001931a280e74 sp=0x000000214abfe4f0
Event: 8.668 Thread 0x00000193305b22c0 DEOPT UNPACKING pc=0x00000193127523a3 sp=0x000000214abfe340 mode 2
Event: 8.668 Thread 0x000001932f04d590 Uncommon trap: trap_request=0xffffff45 fr.pc=0x000001931a299194 relative=0x0000000000000194
Event: 8.668 Thread 0x000001932f04d590 Uncommon trap: reason=unstable_if action=reinterpret pc=0x000001931a299194 method=java.util.concurrent.locks.ReentrantLock$Sync.lock()V @ 4 c2
Event: 8.668 Thread 0x000001932f04d590 DEOPT PACKING pc=0x000001931a299194 sp=0x0000002149ffee80
Event: 8.668 Thread 0x000001932f04d590 DEOPT UNPACKING pc=0x00000193127523a3 sp=0x0000002149ffed18 mode 2
Event: 8.668 Thread 0x00000193305b22c0 Uncommon trap: trap_request=0xffffff45 fr.pc=0x000001931a23e400 relative=0x0000000000000880
Event: 8.668 Thread 0x00000193305b22c0 Uncommon trap: reason=unstable_if action=reinterpret pc=0x000001931a23e400 method=java.util.concurrent.locks.AbstractQueuedSynchronizer.signalNext(Ljava/util/concurrent/locks/AbstractQueuedSynchronizer$Node;)V @ 1 c2
Event: 8.668 Thread 0x00000193305b22c0 DEOPT PACKING pc=0x000001931a23e400 sp=0x000000214abfe440
Event: 8.668 Thread 0x00000193305b22c0 DEOPT UNPACKING pc=0x00000193127523a3 sp=0x000000214abfe118 mode 2
Event: 8.668 Thread 0x000001932f04d590 Uncommon trap: trap_request=0xffffff45 fr.pc=0x000001931a29953c relative=0x00000000000000bc
Event: 8.668 Thread 0x000001932f04d590 Uncommon trap: reason=unstable_if action=reinterpret pc=0x000001931a29953c method=java.util.concurrent.locks.AbstractQueuedSynchronizer.signalNext(Ljava/util/concurrent/locks/AbstractQueuedSynchronizer$Node;)V @ 10 c2
Event: 8.668 Thread 0x000001932f04d590 DEOPT PACKING pc=0x000001931a29953c sp=0x0000002149ffee60
Event: 8.668 Thread 0x000001932f04d590 DEOPT UNPACKING pc=0x00000193127523a3 sp=0x0000002149ffeca8 mode 2
Event: 51.387 Thread 0x00000193305b22c0 Uncommon trap: trap_request=0xffffff45 fr.pc=0x000001931a247e50 relative=0x0000000000001410
Event: 51.387 Thread 0x00000193305b22c0 Uncommon trap: reason=unstable_if action=reinterpret pc=0x000001931a247e50 method=sun.java2d.pipe.BufferedContext.validate(Lsun/java2d/pipe/hw/AccelSurface;Lsun/java2d/pipe/hw/AccelSurface;Lsun/java2d/pipe/Region;Ljava/awt/Composite;Ljava/awt/geom/AffineT
Event: 51.387 Thread 0x00000193305b22c0 DEOPT PACKING pc=0x000001931a247e50 sp=0x000000214abfe120
Event: 51.387 Thread 0x00000193305b22c0 DEOPT UNPACKING pc=0x00000193127523a3 sp=0x000000214abfe0a8 mode 2

Classes unloaded (0 events):
No events

Classes redefined (0 events):
No events

Internal exceptions (8 events):
Event: 0.075 Thread 0x000001932ef44f10 Exception <a 'java/lang/NoSuchMethodError'{0x0000000710e75978}: 'java.lang.Object java.lang.invoke.DirectMethodHandle$Holder.invokeStaticInit(java.lang.Object)'> (0x0000000710e75978) 
thrown [t:\workspace\open\src\hotspot\share\interpreter\linkResolver.cpp, line 766]
Event: 0.080 Thread 0x000001932ef44f10 Exception <a 'java/lang/NoSuchMethodError'{0x0000000710e83688}: 'void java.lang.invoke.DirectMethodHandle$Holder.invokeStatic(java.lang.Object, java.lang.Object)'> (0x0000000710e83688) 
thrown [t:\workspace\open\src\hotspot\share\interpreter\linkResolver.cpp, line 766]
Event: 0.085 Thread 0x00000193096d3510 Exception <a 'java/lang/ClassNotFoundException'{0x0000000710e389e0}: sun/awt/resources/spi/awtProvider> (0x0000000710e389e0) 
thrown [t:\workspace\open\src\hotspot\share\classfile\systemDictionary.cpp, line 256]
Event: 0.102 Thread 0x00000193096d3510 Exception <a 'java/io/FileNotFoundException'{0x0000000710efd2a8}> (0x0000000710efd2a8) 
thrown [t:\workspace\open\src\hotspot\share\prims\jni.cpp, line 516]
Event: 0.107 Thread 0x00000193096d3510 Exception <a 'java/io/FileNotFoundException'{0x0000000710f2a240}> (0x0000000710f2a240) 
thrown [t:\workspace\open\src\hotspot\share\prims\jni.cpp, line 516]
Event: 0.309 Thread 0x000001933052d1a0 Exception <a 'java/lang/NoSuchMethodError'{0x0000000710d88fd8}: 'java.lang.Object java.lang.invoke.DirectMethodHandle$Holder.newInvokeSpecial(java.lang.Object, java.lang.Object, java.lang.Object, int, int, int, int, int)'> (0x0000000710d88fd8) 
thrown [t:\workspace\open\src\hotspot\share\interpreter\linkResolver.cpp, line 766]
Event: 0.363 Thread 0x00000193096d3510 Exception <a 'java/lang/NoSuchMethodError'{0x0000000710fac3a8}: 'void java.lang.invoke.DirectMethodHandle$Holder.invokeStaticInit(java.lang.Object)'> (0x0000000710fac3a8) 
thrown [t:\workspace\open\src\hotspot\share\interpreter\linkResolver.cpp, line 766]
Event: 0.399 Thread 0x000001932f088500 Exception <a 'java/lang/NoSuchMethodError'{0x0000000710fd3f30}: 'void java.lang.invoke.DirectMethodHandle$Holder.invokeVirtual(java.lang.Object, java.lang.Object)'> (0x0000000710fd3f30) 
thrown [t:\workspace\open\src\hotspot\share\interpreter\linkResolver.cpp, line 766]

VM Operations (20 events):
Event: 4.190 Executing VM operation: Cleanup
Event: 4.191 Executing VM operation: Cleanup done
Event: 6.191 Executing VM operation: Cleanup
Event: 6.191 Executing VM operation: Cleanup done
Event: 7.191 Executing VM operation: Cleanup
Event: 7.191 Executing VM operation: Cleanup done
Event: 8.665 Executing VM operation: G1CollectForAllocation
Event: 8.668 Executing VM operation: G1CollectForAllocation done
Event: 10.668 Executing VM operation: Cleanup
Event: 10.668 Executing VM operation: Cleanup done
Event: 13.668 Executing VM operation: Cleanup
Event: 13.668 Executing VM operation: Cleanup done
Event: 14.668 Executing VM operation: Cleanup
Event: 14.668 Executing VM operation: Cleanup done
Event: 17.669 Executing VM operation: Cleanup
Event: 17.669 Executing VM operation: Cleanup done
Event: 18.669 Executing VM operation: Cleanup
Event: 18.669 Executing VM operation: Cleanup done
Event: 31.672 Executing VM operation: Cleanup
Event: 31.672 Executing VM operation: Cleanup done

Events (20 events):
Event: 1.044 loading class sun/util/resources/cldr/TimeZoneNames_en_US done
Event: 1.045 loading class java/util/LinkedHashMap$LinkedKeySet
Event: 1.045 loading class java/util/LinkedHashMap$LinkedKeySet done
Event: 1.045 loading class sun/util/resources/TimeZoneNames
Event: 1.047 loading class sun/util/resources/TimeZoneNames done
Event: 1.047 loading class sun/util/resources/TimeZoneNames_en
Event: 1.047 loading class sun/util/resources/TimeZoneNames_en done
Event: 1.574 Thread 0x000001932f0f4de0 Thread exited: 0x000001932f0f4de0
Event: 2.131 loading class java/awt/event/MouseEvent$1
Event: 2.131 loading class sun/awt/AWTAccessor$MouseEventAccessor
Event: 2.131 loading class sun/awt/AWTAccessor$MouseEventAccessor done
Event: 2.131 loading class java/awt/event/MouseEvent$1 done
Event: 5.348 Thread 0x000001933052d1a0 Thread exited: 0x000001933052d1a0
Event: 51.385 loading class jdk/internal/misc/Signal$1
Event: 51.385 loading class jdk/internal/misc/Signal$1 done
Event: 51.385 Thread 0x000001933ff09e10 Thread added: 0x000001933ff09e10
Event: 51.385 Thread 0x000001933ff072c0 Thread added: 0x000001933ff072c0
Event: 51.385 Thread 0x000001933ff09940 Thread added: 0x000001933ff09940
Event: 51.385 Thread 0x000001933ff072c0 Thread exited: 0x000001933ff072c0
Event: 51.385 Thread 0x000001933ff06df0 Thread exited: 0x000001933ff06df0


Dynamic libraries:
0x00007ff6b9bb0000 - 0x00007ff6b9bc0000 	C:\Program Files\Java\jdk-17.0.1\bin\java.exe
0x00007ff8954d0000 - 0x00007ff8956c8000 	C:\Windows\SYSTEM32\ntdll.dll
0x00007ff893ce0000 - 0x00007ff893d9d000 	C:\Windows\System32\KERNEL32.DLL
0x00007ff892d30000 - 0x00007ff893002000 	C:\Windows\System32\KERNELBASE.dll
0x00007ff893390000 - 0x00007ff893490000 	C:\Windows\System32\ucrtbase.dll
0x00007ff88cdd0000 - 0x00007ff88cdea000 	C:\Program Files\Java\jdk-17.0.1\bin\VCRUNTIME140.dll
0x00007ff88e6e0000 - 0x00007ff88e6f8000 	C:\Program Files\Java\jdk-17.0.1\bin\jli.dll
0x00007ff8937c0000 - 0x00007ff89386e000 	C:\Windows\System32\ADVAPI32.dll
0x00007ff8936f0000 - 0x00007ff89378e000 	C:\Windows\System32\msvcrt.dll
0x00007ff8952b0000 - 0x00007ff89534c000 	C:\Windows\System32\sechost.dll
0x00007ff895180000 - 0x00007ff8952a5000 	C:\Windows\System32\RPCRT4.dll
0x00007ff893900000 - 0x00007ff893a9d000 	C:\Windows\System32\USER32.dll
0x00007ff893060000 - 0x00007ff893082000 	C:\Windows\System32\win32u.dll
0x00007ff87a2d0000 - 0x00007ff87a56a000 	C:\Windows\WinSxS\amd64_microsoft.windows.common-controls_6595b64144ccf1df_6.0.19041.1110_none_60b5254171f9507e\COMCTL32.dll
0x00007ff8953b0000 - 0x00007ff8953db000 	C:\Windows\System32\GDI32.dll
0x00007ff893280000 - 0x00007ff89338f000 	C:\Windows\System32\gdi32full.dll
0x00007ff893490000 - 0x00007ff89352d000 	C:\Windows\System32\msvcp_win.dll
0x00007ff889b00000 - 0x00007ff889b0a000 	C:\Windows\SYSTEM32\VERSION.dll
0x00007ff893790000 - 0x00007ff8937c0000 	C:\Windows\System32\IMM32.DLL
0x00007ff88cdc0000 - 0x00007ff88cdcc000 	C:\Program Files\Java\jdk-17.0.1\bin\vcruntime140_1.dll
0x00007ff883b30000 - 0x00007ff883bbd000 	C:\Program Files\Java\jdk-17.0.1\bin\msvcp140.dll
0x00007ff857710000 - 0x00007ff8582ce000 	C:\Program Files\Java\jdk-17.0.1\bin\server\jvm.dll
0x00007ff8936e0000 - 0x00007ff8936e8000 	C:\Windows\System32\PSAPI.DLL
0x00007ff88a8b0000 - 0x00007ff88a8d7000 	C:\Windows\SYSTEM32\WINMM.dll
0x00007ff87da30000 - 0x00007ff87da39000 	C:\Windows\SYSTEM32\WSOCK32.dll
0x00007ff894e40000 - 0x00007ff894eab000 	C:\Windows\System32\WS2_32.dll
0x00007ff890ac0000 - 0x00007ff890ad2000 	C:\Windows\SYSTEM32\kernel.appcore.dll
0x00007ff88cdb0000 - 0x00007ff88cdba000 	C:\Program Files\Java\jdk-17.0.1\bin\jimage.dll
0x00007ff88af80000 - 0x00007ff88b164000 	C:\Windows\SYSTEM32\DBGHELP.DLL
0x00007ff87f060000 - 0x00007ff87f08c000 	C:\Windows\SYSTEM32\dbgcore.DLL
0x00007ff8931f0000 - 0x00007ff893272000 	C:\Windows\System32\bcryptPrimitives.dll
0x00007ff88c430000 - 0x00007ff88c43e000 	C:\Program Files\Java\jdk-17.0.1\bin\instrument.dll
0x00007ff88c360000 - 0x00007ff88c385000 	C:\Program Files\Java\jdk-17.0.1\bin\java.dll
0x00007ff85d2e0000 - 0x00007ff85d3b6000 	C:\Program Files\Java\jdk-17.0.1\bin\svml.dll
0x00007ff893da0000 - 0x00007ff8944e3000 	C:\Windows\System32\SHELL32.dll
0x00007ff890cc0000 - 0x00007ff891451000 	C:\Windows\SYSTEM32\windows.storage.dll
0x00007ff894a80000 - 0x00007ff894dd4000 	C:\Windows\System32\combase.dll
0x00007ff892560000 - 0x00007ff892590000 	C:\Windows\SYSTEM32\Wldp.dll
0x00007ff8944f0000 - 0x00007ff89459d000 	C:\Windows\System32\SHCORE.dll
0x00007ff894a20000 - 0x00007ff894a75000 	C:\Windows\System32\shlwapi.dll
0x00007ff892b20000 - 0x00007ff892b3f000 	C:\Windows\SYSTEM32\profapi.dll
0x00007ff88a0d0000 - 0x00007ff88a0e8000 	C:\Program Files\Java\jdk-17.0.1\bin\zip.dll
0x00007ff88aaf0000 - 0x00007ff88ab09000 	C:\Program Files\Java\jdk-17.0.1\bin\net.dll
0x00007ff88d3a0000 - 0x00007ff88d4ad000 	C:\Windows\SYSTEM32\WINHTTP.dll
0x00007ff8922c0000 - 0x00007ff89232a000 	C:\Windows\system32\mswsock.dll
0x00007ff887790000 - 0x00007ff8877a5000 	C:\Program Files\Java\jdk-17.0.1\bin\nio.dll
0x00007ff885030000 - 0x00007ff88504a000 	C:\Program Files\JetBrains\IntelliJ IDEA Community Edition 2022.2.3\bin\breakgen64.dll
0x00007fffe6530000 - 0x00007fffe66bf000 	C:\Program Files\Java\jdk-17.0.1\bin\awt.dll
0x00007ff893610000 - 0x00007ff8936dd000 	C:\Windows\System32\OLEAUT32.dll
0x00007ff890200000 - 0x00007ff890291000 	C:\Windows\SYSTEM32\apphelp.dll
0x00007ff8909b0000 - 0x00007ff8909df000 	C:\Windows\system32\DWMAPI.DLL
0x00007ff8905e0000 - 0x00007ff89067e000 	C:\Windows\system32\uxtheme.dll
0x00007ff846b80000 - 0x00007ff846ca7000 	C:\Windows\system32\opengl32.dll
0x00007ff846b20000 - 0x00007ff846b4c000 	C:\Windows\SYSTEM32\GLU32.dll
0x0000000180000000 - 0x0000000182dd7000 	C:\Program Files (x86)\RivaTuner Statistics Server\RTSSHooks64.dll
0x00007ff8945a0000 - 0x00007ff894a0f000 	C:\Windows\System32\SETUPAPI.dll
0x00007ff893010000 - 0x00007ff89305e000 	C:\Windows\System32\cfgmgr32.dll
0x00007ff892be0000 - 0x00007ff892c07000 	C:\Windows\System32\bcrypt.dll
0x00007ff895060000 - 0x00007ff895175000 	C:\Windows\System32\MSCTF.dll
0x00007ff893b20000 - 0x00007ff893c4a000 	C:\Windows\System32\ole32.dll
0x00007ff887380000 - 0x00007ff88753b000 	C:\Windows\System32\DriverStore\FileRepository\u0383925.inf_amd64_e253242028611bf0\B383830\aticfx64.dll
0x00007ff81fa80000 - 0x00007ff82184f000 	C:\Windows\System32\DriverStore\FileRepository\u0383925.inf_amd64_e253242028611bf0\B383830\amdxn64.dll
0x00007ff8914a0000 - 0x00007ff891593000 	C:\Windows\SYSTEM32\dxgi.dll
0x00007ff883a50000 - 0x00007ff883a85000 	C:\Windows\SYSTEM32\amdihk64.dll
0x00007ff887a50000 - 0x00007ff887a8b000 	C:\Windows\SYSTEM32\dxcore.dll
0x00007ff85aad0000 - 0x00007ff85ab59000 	C:\Program Files\Java\jdk-17.0.1\bin\freetype.dll
0x00007ff858b70000 - 0x00007ff858c18000 	C:\Program Files\Java\jdk-17.0.1\bin\fontmanager.dll
0x00007ff88a130000 - 0x00007ff88a229000 	C:\Windows\SYSTEM32\textinputframework.dll
0x00007ff88fc10000 - 0x00007ff88ff6e000 	C:\Windows\System32\CoreUIComponents.dll
0x00007ff88ff70000 - 0x00007ff890062000 	C:\Windows\System32\CoreMessaging.dll
0x00007ff891d00000 - 0x00007ff891d33000 	C:\Windows\SYSTEM32\ntmarta.dll
0x00007ff88f4e0000 - 0x00007ff88f634000 	C:\Windows\SYSTEM32\wintypes.dll
0x00007ff8682e0000 - 0x00007ff8685d5000 	C:\Windows\system32\UIAutomationCore.DLL
0x00007ff88ee20000 - 0x00007ff88ef16000 	C:\Windows\system32\PROPSYS.dll
0x00007ff8924b0000 - 0x00007ff8924bc000 	C:\Windows\SYSTEM32\CRYPTBASE.DLL
0x00007ff87e760000 - 0x00007ff87e7c6000 	C:\Windows\system32\OLEACC.dll
0x00007ff8953e0000 - 0x00007ff89548f000 	C:\Windows\System32\clbcatq.dll

dbghelp: loaded successfully - version: 4.0.5 - missing functions: none
symbol engine: initialized successfully - sym options: 0x614 - pdb path: .;C:\Program Files\Java\jdk-17.0.1\bin;C:\Windows\SYSTEM32;C:\Windows\WinSxS\amd64_microsoft.windows.common-controls_6595b64144ccf1df_6.0.19041.1110_none_60b5254171f9507e;C:\Program Files\Java\jdk-17.0.1\bin\server;C:\Program Files\JetBrains\IntelliJ IDEA Community Edition 2022.2.3\bin;C:\Program Files (x86)\RivaTuner Statistics Server;C:\Windows\System32\DriverStore\FileRepository\u0383925.inf_amd64_e253242028611bf0\B383830

VM Arguments:
jvm_args: -javaagent:C:\Program Files\JetBrains\IntelliJ IDEA Community Edition 2022.2.3\lib\idea_rt.jar=49585:C:\Program Files\JetBrains\IntelliJ IDEA Community Edition 2022.2.3\bin -Dfile.encoding=UTF-8 
java_command: FinalsProjectHizon
java_class_path (initial): D:\Documents\IntelliJ Projects\FinalsHizonProject\out\production\FinalsHizonProject
Launcher Type: SUN_STANDARD

[Global flags]
     intx CICompilerCount                          = 4                                         {product} {ergonomic}
     uint ConcGCThreads                            = 2                                         {product} {ergonomic}
     uint G1ConcRefinementThreads                  = 8                                         {product} {ergonomic}
   size_t G1HeapRegionSize                         = 2097152                                   {product} {ergonomic}
    uintx GCDrainStackTargetSize                   = 64                                        {product} {ergonomic}
   size_t InitialHeapSize                          = 268435456                                 {product} {ergonomic}
   size_t MarkStackSize                            = 4194304                                   {product} {ergonomic}
   size_t MaxHeapSize                              = 4276092928                                {product} {ergonomic}
   size_t MaxNewSize                               = 2564816896                                {product} {ergonomic}
   size_t MinHeapDeltaBytes                        = 2097152                                   {product} {ergonomic}
   size_t MinHeapSize                              = 8388608                                   {product} {ergonomic}
    uintx NonNMethodCodeHeapSize                   = 5839372                                {pd product} {ergonomic}
    uintx NonProfiledCodeHeapSize                  = 122909434                              {pd product} {ergonomic}
    uintx ProfiledCodeHeapSize                     = 122909434                              {pd product} {ergonomic}
    uintx ReservedCodeCacheSize                    = 251658240                              {pd product} {ergonomic}
     bool SegmentedCodeCache                       = true                                      {product} {ergonomic}
   size_t SoftMaxHeapSize                          = 4276092928                             {manageable} {ergonomic}
     bool UseCompressedClassPointers               = true                           {product lp64_product} {ergonomic}
     bool UseCompressedOops                        = true                           {product lp64_product} {ergonomic}
     bool UseG1GC                                  = true                                      {product} {ergonomic}
     bool UseLargePagesIndividualAllocation        = false                                  {pd product} {ergonomic}

Logging:
Log output configuration:
 #0: stdout all=warning uptime,level,tags
 #1: stderr all=off uptime,level,tags

Environment Variables:
PATH=C:\ActiveTcl\bin;C:\Program Files\Common Files\Oracle\Java\javapath;C:\Program Files (x86)\Common Files\Oracle\Java\javapath;C:\Windows\system32;C:\Windows;C:\Windows\System32\Wbem;C:\Windows\System32\WindowsPowerShell\v1.0\;C:\Windows\System32\OpenSSH\;C:\ProgramData\chocolatey\bin;C:\Program Files\Git\cmd;C:\Program Files (x86)\SQLite;C:\Program Files (x86)\PHP;C:\Program Files\dotnet\;C:\Program Files\nodejs\;C:\Users\Angelo\AppData\Local\Programs\Python\Python310;C:\Users\Angelo\AppData\Local\Programs\Python\Python310\Scripts;C:\Program Files\MongoDB\Server\5.0\bin;;C:\Program Files (x86)\page;C:\Users\Angelo\AppData\Local\Programs\Python\Python310\Scripts\;C:\Users\Angelo\AppData\Local\Programs\Python\Python310\;C:\Program Files\MySQL\MySQL Shell 8.0\bin\;C:\Users\Angelo\AppData\Local\Microsoft\WindowsApps;C:\Users\Angelo\AppData\Local\atom\bin;C:\Users\Angelo\AppData\Local\hyper\app-3.0.2\resources\bin;C:\Program Files\heroku\bin;C:\src\Flutter\bin;C:\Program Files\Java\jdk-17.0.1\bin;C:\Program Files\Java\jdk1.8.0_291\bin;C:\Users\Angelo\.dotnet\tools;C:\Users\Angelo\AppData\Local\Programs\Microsoft VS Code\bin;C:\ProgramData\Anaconda3\Library\bin\conda.bat;C:\ProgramData\Anaconda3\Scripts\conda.exe;C:\ProgramData\Anaconda3\condabin\conda.bat;C:\Users\Angelo\AppData\Roaming\npm;C:\Program Files\JetBrains\IntelliJ IDEA 2022.2.3\bin;;C:\Program Files\JetBrains\IntelliJ IDEA Community Edition 2022.2.3\bin;
USERNAME=Angelo
OS=Windows_NT
PROCESSOR_IDENTIFIER=AMD64 Family 23 Model 113 Stepping 0, AuthenticAMD



---------------  S Y S T E M  ---------------

OS:
 Windows 10 , 64 bit Build 19041 (10.0.19041.1889)
OS uptime: 1 days 20:03 hours

CPU: total 8 (initial active 8) (8 cores per cpu, 2 threads per core) family 23 model 113 stepping 0 microcode 0x0, cx8, cmov, fxsr, ht, mmx, 3dnowpref, sse, sse2, sse3, ssse3, sse4a, sse4.1, sse4.2, popcnt, lzcnt, tsc, tscinvbit, avx, avx2, aes, clmul, bmi1, bmi2, adx, sha, fma, vzeroupper, clflush, clflushopt

Memory: 4k page, system-wide physical 16309M (5524M free)
TotalPageFile size 46005M (AvailPageFile size 17000M)
current process WorkingSet (physical memory assigned to process): 116M, peak: 128M
current process commit charge ("private bytes"): 460M, peak: 476M

vm_info: Java HotSpot(TM) 64-Bit Server VM (17.0.1+12-LTS-39) for windows-amd64 JRE (17.0.1+12-LTS-39), built on Sep 27 2021 18:41:35 by "mach5one" with MS VC++ 16.8 (VS2019)

END.
